Successfully forked as daemon
17 Nov 2018 22:43:41: PID file: spool/wei.pid
17 Nov 2018 22:43:42: Accepted connection, fd = 5
17 Nov 2018 22:43:47: Created stream for input
17 Nov 2018 22:43:47: File type is 'a'
17 Nov 2018 22:43:47: Saving data to file spool/wei_a_1542512627.803818
17 Nov 2018 22:43:47: Created stream for output
17 Nov 2018 22:43:47: Bytes received: 57
17 Nov 2018 22:43:47: Connection terminated
17 Nov 2018 23:46:49: Accepted connection, fd = 5
17 Nov 2018 23:46:54: Created stream for input
17 Nov 2018 23:46:54: File type is 'a'
17 Nov 2018 23:46:54: Saving data to file spool/wei_a_1542516414.969467
17 Nov 2018 23:46:54: Created stream for output
17 Nov 2018 23:46:54: Bytes received: 57
17 Nov 2018 23:46:54: Connection terminated
17 Nov 2018 23:46:54: Accepted connection, fd = 5
17 Nov 2018 23:46:59: Created stream for input
17 Nov 2018 23:46:59: File type is 'a'
17 Nov 2018 23:46:59: Saving data to file spool/wei_a_1542516419.985134
17 Nov 2018 23:46:59: Created stream for output
17 Nov 2018 23:46:59: Bytes received: 57
17 Nov 2018 23:46:59: Connection terminated
17 Nov 2018 23:46:59: Accepted connection, fd = 5
17 Nov 2018 23:47:04: Created stream for input
17 Nov 2018 23:47:04: File type is 'a'
17 Nov 2018 23:47:04: Saving data to file spool/wei_a_1542516424.998574
17 Nov 2018 23:47:04: Created stream for output
17 Nov 2018 23:47:04: Bytes received: 57
17 Nov 2018 23:47:04: Connection terminated
17 Nov 2018 23:47:05: Accepted connection, fd = 5
17 Nov 2018 23:47:10: Created stream for input
17 Nov 2018 23:47:10: File type is 'a'
17 Nov 2018 23:47:10: Saving data to file spool/wei_a_1542516430.18234
17 Nov 2018 23:47:10: Created stream for output
17 Nov 2018 23:47:10: Bytes received: 57
17 Nov 2018 23:47:10: Connection terminated
17 Nov 2018 23:47:10: Accepted connection, fd = 5
17 Nov 2018 23:47:15: Created stream for input
17 Nov 2018 23:47:15: File type is 'a'
17 Nov 2018 23:47:15: Saving data to file spool/wei_a_1542516435.33658
17 Nov 2018 23:47:15: Created stream for output
17 Nov 2018 23:47:15: Bytes received: 57
17 Nov 2018 23:47:15: Connection terminated
17 Nov 2018 23:47:15: Accepted connection, fd = 5
17 Nov 2018 23:47:20: Created stream for input
17 Nov 2018 23:47:20: File type is 'a'
17 Nov 2018 23:47:20: Saving data to file spool/wei_a_1542516440.44655
17 Nov 2018 23:47:20: Created stream for output
17 Nov 2018 23:47:20: Bytes received: 57
17 Nov 2018 23:47:20: Connection terminated
17 Nov 2018 23:47:20: Accepted connection, fd = 5
17 Nov 2018 23:47:25: Created stream for input
17 Nov 2018 23:47:25: File type is 'a'
17 Nov 2018 23:47:25: Saving data to file spool/wei_a_1542516445.55882
17 Nov 2018 23:47:25: Created stream for output
17 Nov 2018 23:47:25: Bytes received: 57
17 Nov 2018 23:47:25: Connection terminated
17 Nov 2018 23:47:25: Accepted connection, fd = 5
17 Nov 2018 23:47:30: Created stream for input
17 Nov 2018 23:47:30: File type is 'a'
17 Nov 2018 23:47:30: Saving data to file spool/wei_a_1542516450.67975
17 Nov 2018 23:47:30: Created stream for output
17 Nov 2018 23:47:30: Bytes received: 57
17 Nov 2018 23:47:30: Connection terminated
17 Nov 2018 23:47:30: Accepted connection, fd = 5
17 Nov 2018 23:47:35: Created stream for input
17 Nov 2018 23:47:35: File type is 'a'
17 Nov 2018 23:47:35: Saving data to file spool/wei_a_1542516455.80152
17 Nov 2018 23:47:35: Created stream for output
17 Nov 2018 23:47:35: Bytes received: 57
17 Nov 2018 23:47:35: Connection terminated
17 Nov 2018 23:47:35: Accepted connection, fd = 5
17 Nov 2018 23:47:40: Created stream for input
17 Nov 2018 23:47:40: File type is 'a'
17 Nov 2018 23:47:40: Saving data to file spool/wei_a_1542516460.101603
17 Nov 2018 23:47:40: Created stream for output
17 Nov 2018 23:47:40: Bytes received: 57
17 Nov 2018 23:47:40: Connection terminated
17 Nov 2018 23:47:40: Accepted connection, fd = 5
17 Nov 2018 23:47:45: Created stream for input
17 Nov 2018 23:47:45: File type is 'a'
17 Nov 2018 23:47:45: Saving data to file spool/wei_a_1542516465.119925
17 Nov 2018 23:47:45: Created stream for output
17 Nov 2018 23:47:45: Bytes received: 57
17 Nov 2018 23:47:45: Connection terminated
17 Nov 2018 23:47:45: Accepted connection, fd = 5
17 Nov 2018 23:47:50: Created stream for input
17 Nov 2018 23:47:50: File type is 'a'
17 Nov 2018 23:47:50: Saving data to file spool/wei_a_1542516470.132553
17 Nov 2018 23:47:50: Created stream for output
17 Nov 2018 23:47:50: Bytes received: 57
17 Nov 2018 23:47:50: Connection terminated
17 Nov 2018 23:47:50: Accepted connection, fd = 5
17 Nov 2018 23:47:55: Created stream for input
17 Nov 2018 23:47:55: File type is 'a'
17 Nov 2018 23:47:55: Saving data to file spool/wei_a_1542516475.149873
17 Nov 2018 23:47:55: Created stream for output
17 Nov 2018 23:47:55: Bytes received: 57
17 Nov 2018 23:47:55: Connection terminated
17 Nov 2018 23:47:55: Accepted connection, fd = 5
17 Nov 2018 23:48:00: Created stream for input
17 Nov 2018 23:48:00: File type is 'a'
17 Nov 2018 23:48:00: Saving data to file spool/wei_a_1542516480.170192
17 Nov 2018 23:48:00: Created stream for output
17 Nov 2018 23:48:00: Bytes received: 57
17 Nov 2018 23:48:00: Connection terminated
17 Nov 2018 23:48:00: Accepted connection, fd = 5
17 Nov 2018 23:48:05: Created stream for input
17 Nov 2018 23:48:05: File type is 'a'
17 Nov 2018 23:48:05: Saving data to file spool/wei_a_1542516485.183941
17 Nov 2018 23:48:05: Created stream for output
17 Nov 2018 23:48:05: Bytes received: 57
17 Nov 2018 23:48:05: Connection terminated
17 Nov 2018 23:48:05: Accepted connection, fd = 5
17 Nov 2018 23:48:10: Created stream for input
17 Nov 2018 23:48:10: File type is 'a'
17 Nov 2018 23:48:10: Saving data to file spool/wei_a_1542516490.196628
17 Nov 2018 23:48:10: Created stream for output
17 Nov 2018 23:48:10: Bytes received: 57
17 Nov 2018 23:48:10: Connection terminated
17 Nov 2018 23:48:10: Accepted connection, fd = 5
17 Nov 2018 23:48:15: Created stream for input
17 Nov 2018 23:48:15: File type is 'a'
17 Nov 2018 23:48:15: Saving data to file spool/wei_a_1542516495.211384
17 Nov 2018 23:48:15: Created stream for output
17 Nov 2018 23:48:15: Bytes received: 57
17 Nov 2018 23:48:15: Connection terminated
17 Nov 2018 23:50:31: Accepted connection, fd = 5
17 Nov 2018 23:50:36: Created stream for input
17 Nov 2018 23:50:36: File type is 'a'
17 Nov 2018 23:50:36: Saving data to file spool/wei_a_1542516636.95686
17 Nov 2018 23:50:36: Created stream for output
17 Nov 2018 23:50:36: Bytes received: 57
17 Nov 2018 23:50:36: Connection terminated
17 Nov 2018 23:50:36: Accepted connection, fd = 5
17 Nov 2018 23:50:41: Created stream for input
17 Nov 2018 23:50:41: File type is 'a'
17 Nov 2018 23:50:41: Saving data to file spool/wei_a_1542516641.105449
17 Nov 2018 23:50:41: Created stream for output
17 Nov 2018 23:50:41: Bytes received: 57
17 Nov 2018 23:50:41: Connection terminated
17 Nov 2018 23:50:41: Accepted connection, fd = 5
17 Nov 2018 23:50:46: Created stream for input
17 Nov 2018 23:50:46: File type is 'a'
17 Nov 2018 23:50:46: Saving data to file spool/wei_a_1542516646.115055
17 Nov 2018 23:50:46: Created stream for output
17 Nov 2018 23:50:46: Bytes received: 57
17 Nov 2018 23:50:46: Connection terminated
17 Nov 2018 23:50:46: Accepted connection, fd = 5
17 Nov 2018 23:50:51: Created stream for input
17 Nov 2018 23:50:51: File type is 'a'
17 Nov 2018 23:50:51: Saving data to file spool/wei_a_1542516651.129474
17 Nov 2018 23:50:51: Created stream for output
17 Nov 2018 23:50:51: Bytes received: 57
17 Nov 2018 23:50:51: Connection terminated
17 Nov 2018 23:50:51: Accepted connection, fd = 5
17 Nov 2018 23:50:56: Created stream for input
17 Nov 2018 23:50:56: File type is 'a'
17 Nov 2018 23:50:56: Saving data to file spool/wei_a_1542516656.144915
17 Nov 2018 23:50:56: Created stream for output
17 Nov 2018 23:50:56: Bytes received: 57
17 Nov 2018 23:50:56: Connection terminated
17 Nov 2018 23:50:56: Accepted connection, fd = 5
17 Nov 2018 23:51:01: Created stream for input
17 Nov 2018 23:51:01: File type is 'a'
17 Nov 2018 23:51:01: Saving data to file spool/wei_a_1542516661.155110
17 Nov 2018 23:51:01: Created stream for output
17 Nov 2018 23:51:01: Bytes received: 57
17 Nov 2018 23:51:01: Connection terminated
