==3634== Memcheck, a memory error detector
==3634== Copyright (C) 2002-2015, and GNU GPL'd, by Julian Seward et al.
==3634== Using Valgrind-3.11.0 and LibVEX; rerun with -h for copyright info
==3634== Command: bin/xacto -p 9999
==3634== Parent PID: 3622
==3634== 
==3634== 
==3634== FILE DESCRIPTORS: 8 open at exit.
==3634== Open AF_INET socket 5: 0.0.0.0:9999 <-> unbound
==3634==    at 0x515F5A7: socket (syscall-template.S:84)
==3634==    by 0x403EC4: open_listenfd (csapp.c:1015)
==3634==    by 0x404016: Open_listenfd (csapp.c:1062)
==3634==    by 0x4023F5: main (main.c:102)
==3634== 
==3634== Open file descriptor 13: /dev/shm/bxf_arena_3620 (deleted)
==3634==    <inherited from parent>
==3634== 
==3634== Open file descriptor 11: /dev/shm/bxf_arena_3620 (deleted)
==3634==    <inherited from parent>
==3634== 
==3634== Open file descriptor 4:
==3634==    <inherited from parent>
==3634== 
==3634== Open file descriptor 3: /home/student/weichen8/hw5/valgrind.out
==3634==    <inherited from parent>
==3634== 
==3634== Open file descriptor 2: /dev/pts/0
==3634==    <inherited from parent>
==3634== 
==3634== Open file descriptor 1: /dev/pts/0
==3634==    <inherited from parent>
==3634== 
==3634== Open file descriptor 0:
==3634==    <inherited from parent>
==3634== 
==3634== 
==3634== HEAP SUMMARY:
==3634==     in use at exit: 4 bytes in 1 blocks
==3634==   total heap usage: 13 allocs, 12 frees, 12,180 bytes allocated
==3634== 
==3634== LEAK SUMMARY:
==3634==    definitely lost: 0 bytes in 0 blocks
==3634==    indirectly lost: 0 bytes in 0 blocks
==3634==      possibly lost: 0 bytes in 0 blocks
==3634==    still reachable: 4 bytes in 1 blocks
==3634==         suppressed: 0 bytes in 0 blocks
==3634== Reachable blocks (those to which a pointer was found) are not shown.
==3634== To see them, rerun with: --leak-check=full --show-leak-kinds=all
==3634== 
==3634== For counts of detected and suppressed errors, rerun with: -v
==3634== ERROR SUMMARY: 0 errors from 0 contexts (suppressed: 0 from 0)
